Starting Dapr with id order-processor-http. HTTP Port: 61726. gRPC Port: 61727
Updating metadata for cliPID: 29388
time="2024-06-02T12:32:45.7017568-04:00" level=info msg="Starting Dapr Runtime -- version 1.13.4 -- commit b18d9516f0eff06f8fdacd36e8bdf290909b05d9" app_id=order-processor-http instance=DESKTOP-O1S0QB5 scope=dapr.runtime type=log ver=1.13.4
time="2024-06-02T12:32:45.7017568-04:00" level=info msg="Log level set to: info" app_id=order-processor-http instance=DESKTOP-O1S0QB5 scope=dapr.runtime type=log ver=1.13.4
time="2024-06-02T12:32:45.7022915-04:00" level=warning msg="mTLS is disabled. Skipping certificate request and tls validation" app_id=order-processor-http instance=DESKTOP-O1S0QB5 scope=dapr.runtime.security type=log ver=1.13.4
time="2024-06-02T12:32:45.7059425-04:00" level=warning msg="The default value for 'spec.metric.http.increasedCardinality' will change to 'false' in Dapr 1.14" app_id=order-processor-http instance=DESKTOP-O1S0QB5 scope=dapr.runtime type=log ver=1.13.4
time="2024-06-02T12:32:45.706989-04:00" level=info msg="standalone mode configured" app_id=order-processor-http instance=DESKTOP-O1S0QB5 scope=dapr.runtime type=log ver=1.13.4
time="2024-06-02T12:32:45.706989-04:00" level=info msg="app id: order-processor-http" app_id=order-processor-http instance=DESKTOP-O1S0QB5 scope=dapr.runtime type=log ver=1.13.4
time="2024-06-02T12:32:45.706989-04:00" level=info msg="metrics server started on :61728/" app_id=order-processor-http instance=DESKTOP-O1S0QB5 scope=dapr.runtime type=log ver=1.13.4
time="2024-06-02T12:32:45.707507-04:00" level=info msg="Dapr trace sampler initialized: DaprTraceSampler(P=1.000000)" app_id=order-processor-http instance=DESKTOP-O1S0QB5 scope=dapr.runtime type=log ver=1.13.4
time="2024-06-02T12:32:45.7661953-04:00" level=info msg="local service entry announced: order-processor-http -> 192.168.2.44:61729" app_id=order-processor-http component="nr (mdns/v1)" instance=DESKTOP-O1S0QB5 scope=dapr.contrib type=log ver=1.13.4
time="2024-06-02T12:32:45.7661953-04:00" level=info msg="Initialized name resolution to mdns" app_id=order-processor-http instance=DESKTOP-O1S0QB5 scope=dapr.runtime type=log ver=1.13.4
time="2024-06-02T12:32:45.7667111-04:00" level=info msg="Loading components…" app_id=order-processor-http instance=DESKTOP-O1S0QB5 scope=dapr.runtime type=log ver=1.13.4
time="2024-06-02T12:32:45.7683499-04:00" level=info msg="Waiting for all outstanding components to be processed…" app_id=order-processor-http instance=DESKTOP-O1S0QB5 scope=dapr.runtime type=log ver=1.13.4
time="2024-06-02T12:32:45.7972262-04:00" level=info msg="Component loaded: orderpubsub (pubsub.redis/v1)" app_id=order-processor-http instance=DESKTOP-O1S0QB5 scope=dapr.runtime.processor type=log ver=1.13.4
time="2024-06-02T12:32:45.7972262-04:00" level=info msg="All outstanding components processed" app_id=order-processor-http instance=DESKTOP-O1S0QB5 scope=dapr.runtime type=log ver=1.13.4
time="2024-06-02T12:32:45.7972262-04:00" level=info msg="Loading endpoints…" app_id=order-processor-http instance=DESKTOP-O1S0QB5 scope=dapr.runtime type=log ver=1.13.4
time="2024-06-02T12:32:45.7977441-04:00" level=info msg="Waiting for all outstanding http endpoints to be processed…" app_id=order-processor-http instance=DESKTOP-O1S0QB5 scope=dapr.runtime type=log ver=1.13.4
time="2024-06-02T12:32:45.7977441-04:00" level=info msg="All outstanding http endpoints processed" app_id=order-processor-http instance=DESKTOP-O1S0QB5 scope=dapr.runtime type=log ver=1.13.4
time="2024-06-02T12:32:45.7982622-04:00" level=info msg="gRPC server listening on TCP address: :61727" app_id=order-processor-http instance=DESKTOP-O1S0QB5 scope=dapr.runtime.grpc.api type=log ver=1.13.4
time="2024-06-02T12:32:45.7982622-04:00" level=info msg="Enabled gRPC tracing middleware" app_id=order-processor-http instance=DESKTOP-O1S0QB5 scope=dapr.runtime.grpc.api type=log ver=1.13.4
time="2024-06-02T12:32:45.7982622-04:00" level=info msg="Enabled gRPC metrics middleware" app_id=order-processor-http instance=DESKTOP-O1S0QB5 scope=dapr.runtime.grpc.api type=log ver=1.13.4
time="2024-06-02T12:32:45.7982622-04:00" level=info msg="Registering workflow engine for gRPC endpoint: [::]:61727" app_id=order-processor-http instance=DESKTOP-O1S0QB5 scope=dapr.runtime.grpc.api type=log ver=1.13.4
time="2024-06-02T12:32:45.7982622-04:00" level=info msg="API gRPC server is running on port 61727" app_id=order-processor-http instance=DESKTOP-O1S0QB5 scope=dapr.runtime type=log ver=1.13.4
time="2024-06-02T12:32:45.7982622-04:00" level=info msg="Enabled max body size HTTP middleware with size 4 MB" app_id=order-processor-http instance=DESKTOP-O1S0QB5 scope=dapr.runtime.http type=log ver=1.13.4
time="2024-06-02T12:32:45.7982622-04:00" level=info msg="Enabled tracing HTTP middleware" app_id=order-processor-http instance=DESKTOP-O1S0QB5 scope=dapr.runtime.http type=log ver=1.13.4
time="2024-06-02T12:32:45.7982622-04:00" level=info msg="Enabled metrics HTTP middleware" app_id=order-processor-http instance=DESKTOP-O1S0QB5 scope=dapr.runtime.http type=log ver=1.13.4
time="2024-06-02T12:32:45.7992252-04:00" level=info msg="HTTP server listening on TCP address: :61726" app_id=order-processor-http instance=DESKTOP-O1S0QB5 scope=dapr.runtime.http type=log ver=1.13.4
time="2024-06-02T12:32:45.7992252-04:00" level=info msg="HTTP server is running on port 61726" app_id=order-processor-http instance=DESKTOP-O1S0QB5 scope=dapr.runtime type=log ver=1.13.4
time="2024-06-02T12:32:45.7992252-04:00" level=info msg="The request body size parameter is: 4" app_id=order-processor-http instance=DESKTOP-O1S0QB5 scope=dapr.runtime type=log ver=1.13.4
time="2024-06-02T12:32:45.7992252-04:00" level=info msg="gRPC server listening on TCP address: :61729" app_id=order-processor-http instance=DESKTOP-O1S0QB5 scope=dapr.runtime.grpc.internal type=log ver=1.13.4
time="2024-06-02T12:32:45.7992252-04:00" level=info msg="Enabled gRPC tracing middleware" app_id=order-processor-http instance=DESKTOP-O1S0QB5 scope=dapr.runtime.grpc.internal type=log ver=1.13.4
time="2024-06-02T12:32:45.7992252-04:00" level=info msg="Enabled gRPC metrics middleware" app_id=order-processor-http instance=DESKTOP-O1S0QB5 scope=dapr.runtime.grpc.internal type=log ver=1.13.4
time="2024-06-02T12:32:45.7992252-04:00" level=info msg="Internal gRPC server is running on port 61729" app_id=order-processor-http instance=DESKTOP-O1S0QB5 scope=dapr.runtime type=log ver=1.13.4
time="2024-06-02T12:32:45.7997295-04:00" level=info msg="application protocol: http. waiting on port 5003.  This will block until the app is listening on that port." app_id=order-processor-http instance=DESKTOP-O1S0QB5 scope=dapr.runtime type=log ver=1.13.4
Updating metadata for app command: npm run start
Updating metadata for appPID: 25356
You're up and running! Dapr logs will appear here.

time="2024-06-02T12:32:56.908636-04:00" level=info msg="Received signal 'interrupt'; beginning shutdown" app_id=order-processor-http instance=DESKTOP-O1S0QB5 scope=dapr.signals type=log ver=1.13.4
time="2024-06-02T12:32:56.908636-04:00" level=info msg="Dapr is shutting down" app_id=order-processor-http instance=DESKTOP-O1S0QB5 scope=dapr.runtime type=log ver=1.13.4
time="2024-06-02T12:32:56.908636-04:00" level=info msg="Shutting down component orderpubsub (pubsub.redis/v1)" app_id=order-processor-http instance=DESKTOP-O1S0QB5 scope=dapr.runtime type=log ver=1.13.4
time="2024-06-02T12:32:56.9091427-04:00" level=info msg="Shutting down workflow engine" app_id=order-processor-http instance=DESKTOP-O1S0QB5 scope=dapr.runtime type=log ver=1.13.4
time="2024-06-02T12:32:56.9091427-04:00" level=info msg="Closing HTTP server [::]:61726…" app_id=order-processor-http instance=DESKTOP-O1S0QB5 scope=dapr.runtime.http type=log ver=1.13.4
time="2024-06-02T12:32:56.9091427-04:00" level=info msg="Dapr runtime stopped" app_id=order-processor-http instance=DESKTOP-O1S0QB5 scope=dapr.runtime type=log ver=1.13.4
time="2024-06-02T12:32:56.9091427-04:00" level=info msg="stopping mDNS server for app id: order-processor-http" app_id=order-processor-http component="nr (mdns/v1)" instance=DESKTOP-O1S0QB5 scope=dapr.contrib type=log ver=1.13.4
time="2024-06-02T12:32:56.9113181-04:00" level=info msg="Daprd shutdown gracefully" app_id=order-processor-http instance=DESKTOP-O1S0QB5 scope=dapr.runtime type=log ver=1.13.4

termination signal received: shutting down
Error exiting Dapr: TerminateProcess: Access is denied.
