Starting Dapr with id order-processor-http. HTTP Port: 61932. gRPC Port: 61933
Updating metadata for cliPID: 22908
time="2024-06-02T12:33:22.7369468-04:00" level=info msg="Starting Dapr Runtime -- version 1.13.4 -- commit b18d9516f0eff06f8fdacd36e8bdf290909b05d9" app_id=order-processor-http instance=DESKTOP-O1S0QB5 scope=dapr.runtime type=log ver=1.13.4
time="2024-06-02T12:33:22.7374784-04:00" level=info msg="Log level set to: info" app_id=order-processor-http instance=DESKTOP-O1S0QB5 scope=dapr.runtime type=log ver=1.13.4
time="2024-06-02T12:33:22.7374784-04:00" level=warning msg="mTLS is disabled. Skipping certificate request and tls validation" app_id=order-processor-http instance=DESKTOP-O1S0QB5 scope=dapr.runtime.security type=log ver=1.13.4
time="2024-06-02T12:33:22.7406657-04:00" level=warning msg="The default value for 'spec.metric.http.increasedCardinality' will change to 'false' in Dapr 1.14" app_id=order-processor-http instance=DESKTOP-O1S0QB5 scope=dapr.runtime type=log ver=1.13.4
time="2024-06-02T12:33:22.7411936-04:00" level=info msg="standalone mode configured" app_id=order-processor-http instance=DESKTOP-O1S0QB5 scope=dapr.runtime type=log ver=1.13.4
time="2024-06-02T12:33:22.7411936-04:00" level=info msg="app id: order-processor-http" app_id=order-processor-http instance=DESKTOP-O1S0QB5 scope=dapr.runtime type=log ver=1.13.4
time="2024-06-02T12:33:22.7411936-04:00" level=info msg="metrics server started on :61934/" app_id=order-processor-http instance=DESKTOP-O1S0QB5 scope=dapr.runtime type=log ver=1.13.4
time="2024-06-02T12:33:22.7417129-04:00" level=info msg="Dapr trace sampler initialized: DaprTraceSampler(P=1.000000)" app_id=order-processor-http instance=DESKTOP-O1S0QB5 scope=dapr.runtime type=log ver=1.13.4
time="2024-06-02T12:33:22.7943902-04:00" level=info msg="local service entry announced: order-processor-http -> 192.168.2.44:61935" app_id=order-processor-http component="nr (mdns/v1)" instance=DESKTOP-O1S0QB5 scope=dapr.contrib type=log ver=1.13.4
time="2024-06-02T12:33:22.7943902-04:00" level=info msg="Initialized name resolution to mdns" app_id=order-processor-http instance=DESKTOP-O1S0QB5 scope=dapr.runtime type=log ver=1.13.4
time="2024-06-02T12:33:22.7949896-04:00" level=info msg="Loading components…" app_id=order-processor-http instance=DESKTOP-O1S0QB5 scope=dapr.runtime type=log ver=1.13.4
time="2024-06-02T12:33:22.7968325-04:00" level=info msg="Waiting for all outstanding components to be processed…" app_id=order-processor-http instance=DESKTOP-O1S0QB5 scope=dapr.runtime type=log ver=1.13.4
time="2024-06-02T12:33:22.8189778-04:00" level=info msg="Component loaded: orderpubsub (pubsub.redis/v1)" app_id=order-processor-http instance=DESKTOP-O1S0QB5 scope=dapr.runtime.processor type=log ver=1.13.4
time="2024-06-02T12:33:22.8189778-04:00" level=info msg="All outstanding components processed" app_id=order-processor-http instance=DESKTOP-O1S0QB5 scope=dapr.runtime type=log ver=1.13.4
time="2024-06-02T12:33:22.8200352-04:00" level=info msg="Loading endpoints…" app_id=order-processor-http instance=DESKTOP-O1S0QB5 scope=dapr.runtime type=log ver=1.13.4
time="2024-06-02T12:33:22.8200352-04:00" level=info msg="Waiting for all outstanding http endpoints to be processed…" app_id=order-processor-http instance=DESKTOP-O1S0QB5 scope=dapr.runtime type=log ver=1.13.4
time="2024-06-02T12:33:22.8207409-04:00" level=info msg="All outstanding http endpoints processed" app_id=order-processor-http instance=DESKTOP-O1S0QB5 scope=dapr.runtime type=log ver=1.13.4
time="2024-06-02T12:33:22.8207409-04:00" level=info msg="gRPC server listening on TCP address: :61933" app_id=order-processor-http instance=DESKTOP-O1S0QB5 scope=dapr.runtime.grpc.api type=log ver=1.13.4
time="2024-06-02T12:33:22.8212761-04:00" level=info msg="Enabled gRPC tracing middleware" app_id=order-processor-http instance=DESKTOP-O1S0QB5 scope=dapr.runtime.grpc.api type=log ver=1.13.4
time="2024-06-02T12:33:22.8212761-04:00" level=info msg="Enabled gRPC metrics middleware" app_id=order-processor-http instance=DESKTOP-O1S0QB5 scope=dapr.runtime.grpc.api type=log ver=1.13.4
time="2024-06-02T12:33:22.8212761-04:00" level=info msg="Registering workflow engine for gRPC endpoint: [::]:61933" app_id=order-processor-http instance=DESKTOP-O1S0QB5 scope=dapr.runtime.grpc.api type=log ver=1.13.4
time="2024-06-02T12:33:22.8212761-04:00" level=info msg="API gRPC server is running on port 61933" app_id=order-processor-http instance=DESKTOP-O1S0QB5 scope=dapr.runtime type=log ver=1.13.4
time="2024-06-02T12:33:22.8212761-04:00" level=info msg="Enabled max body size HTTP middleware with size 4 MB" app_id=order-processor-http instance=DESKTOP-O1S0QB5 scope=dapr.runtime.http type=log ver=1.13.4
time="2024-06-02T12:33:22.8212761-04:00" level=info msg="Enabled tracing HTTP middleware" app_id=order-processor-http instance=DESKTOP-O1S0QB5 scope=dapr.runtime.http type=log ver=1.13.4
time="2024-06-02T12:33:22.8212761-04:00" level=info msg="Enabled metrics HTTP middleware" app_id=order-processor-http instance=DESKTOP-O1S0QB5 scope=dapr.runtime.http type=log ver=1.13.4
time="2024-06-02T12:33:22.822053-04:00" level=info msg="HTTP server listening on TCP address: :61932" app_id=order-processor-http instance=DESKTOP-O1S0QB5 scope=dapr.runtime.http type=log ver=1.13.4
time="2024-06-02T12:33:22.822053-04:00" level=info msg="HTTP server is running on port 61932" app_id=order-processor-http instance=DESKTOP-O1S0QB5 scope=dapr.runtime type=log ver=1.13.4
time="2024-06-02T12:33:22.822053-04:00" level=info msg="The request body size parameter is: 4" app_id=order-processor-http instance=DESKTOP-O1S0QB5 scope=dapr.runtime type=log ver=1.13.4
time="2024-06-02T12:33:22.822053-04:00" level=info msg="gRPC server listening on TCP address: :61935" app_id=order-processor-http instance=DESKTOP-O1S0QB5 scope=dapr.runtime.grpc.internal type=log ver=1.13.4
time="2024-06-02T12:33:22.822053-04:00" level=info msg="Enabled gRPC tracing middleware" app_id=order-processor-http instance=DESKTOP-O1S0QB5 scope=dapr.runtime.grpc.internal type=log ver=1.13.4
time="2024-06-02T12:33:22.822053-04:00" level=info msg="Enabled gRPC metrics middleware" app_id=order-processor-http instance=DESKTOP-O1S0QB5 scope=dapr.runtime.grpc.internal type=log ver=1.13.4
time="2024-06-02T12:33:22.822053-04:00" level=info msg="Internal gRPC server is running on port 61935" app_id=order-processor-http instance=DESKTOP-O1S0QB5 scope=dapr.runtime type=log ver=1.13.4
time="2024-06-02T12:33:22.8225586-04:00" level=info msg="application protocol: http. waiting on port 5003.  This will block until the app is listening on that port." app_id=order-processor-http instance=DESKTOP-O1S0QB5 scope=dapr.runtime type=log ver=1.13.4
Updating metadata for app command: npm run start
Updating metadata for appPID: 37100
You're up and running! Dapr logs will appear here.

time="2024-06-02T12:33:24.7928257-04:00" level=info msg="application discovered on port 5003" app_id=order-processor-http instance=DESKTOP-O1S0QB5 scope=dapr.runtime type=log ver=1.13.4
time="2024-06-02T12:33:24.8072076-04:00" level=info msg="Application configuration loaded" app_id=order-processor-http instance=DESKTOP-O1S0QB5 scope=dapr.runtime type=log ver=1.13.4
time="2024-06-02T12:33:24.8072076-04:00" level=info msg="actors: state store is not configured - this is okay for clients but services with hosted actors will fail to initialize!" app_id=order-processor-http instance=DESKTOP-O1S0QB5 scope=dapr.runtime type=log ver=1.13.4
time="2024-06-02T12:33:24.8072076-04:00" level=info msg="Configuring actors placement provider 'placement'. Configuration: 'placement:localhost:6050'" app_id=order-processor-http instance=DESKTOP-O1S0QB5 scope=dapr.runtime.actor type=log ver=1.13.4
time="2024-06-02T12:33:24.8072076-04:00" level=info msg="Configuring actor reminders provider 'default'. Configuration: ''" app_id=order-processor-http instance=DESKTOP-O1S0QB5 scope=dapr.runtime.actor type=log ver=1.13.4
time="2024-06-02T12:33:24.8072076-04:00" level=info msg="Actor runtime started. Actor idle timeout: 1h0m0s. Actor scan interval: 30s" app_id=order-processor-http instance=DESKTOP-O1S0QB5 scope=dapr.runtime.actor type=log ver=1.13.4
time="2024-06-02T12:33:24.8072076-04:00" level=info msg="Configuring workflow engine with actors backend" app_id=order-processor-http instance=DESKTOP-O1S0QB5 scope=dapr.runtime type=log ver=1.13.4
time="2024-06-02T12:33:24.8072076-04:00" level=info msg="Registering component for dapr workflow engine..." app_id=order-processor-http instance=DESKTOP-O1S0QB5 scope=dapr.runtime type=log ver=1.13.4
time="2024-06-02T12:33:24.8072076-04:00" level=info msg="Initializing Dapr workflow component" app_id=order-processor-http component="dapr (workflow.dapr/v1)" instance=DESKTOP-O1S0QB5 scope=dapr.contrib type=log ver=1.13.4
time="2024-06-02T12:33:24.8072076-04:00" level=info msg="Workflow engine initialized." app_id=order-processor-http instance=DESKTOP-O1S0QB5 scope=dapr.runtime type=log ver=1.13.4
time="2024-06-02T12:33:24.8123077-04:00" level=info msg="app is subscribed to the following topics: [orders] through pubsub=orderpubsub" app_id=order-processor-http instance=DESKTOP-O1S0QB5 scope=dapr.runtime.processor.pubsub type=log ver=1.13.4
time="2024-06-02T12:33:24.8128362-04:00" level=info msg="Placement tables updated, version: 0" app_id=order-processor-http instance=DESKTOP-O1S0QB5 scope=dapr.runtime.actors.placement type=log ver=1.13.4
time="2024-06-02T12:33:24.8138861-04:00" level=info msg="dapr initialized. Status: Running. Init Elapsed 2072ms" app_id=order-processor-http instance=DESKTOP-O1S0QB5 scope=dapr.runtime type=log ver=1.13.4
time="2024-06-02T12:33:31.9348668-04:00" level=info msg="Received signal 'interrupt'; beginning shutdown" app_id=order-processor-http instance=DESKTOP-O1S0QB5 scope=dapr.signals type=log ver=1.13.4
time="2024-06-02T12:33:31.937828-04:00" level=info msg="Dapr is shutting down" app_id=order-processor-http instance=DESKTOP-O1S0QB5 scope=dapr.runtime type=log ver=1.13.4
time="2024-06-02T12:33:31.937828-04:00" level=info msg="Shutting down component orderpubsub (pubsub.redis/v1)" app_id=order-processor-http instance=DESKTOP-O1S0QB5 scope=dapr.runtime type=log ver=1.13.4
time="2024-06-02T12:33:31.937828-04:00" level=info msg="Shutting down workflow engine" app_id=order-processor-http instance=DESKTOP-O1S0QB5 scope=dapr.runtime type=log ver=1.13.4
time="2024-06-02T12:33:31.937828-04:00" level=info msg="Shutting down actor" app_id=order-processor-http instance=DESKTOP-O1S0QB5 scope=dapr.runtime type=log ver=1.13.4
time="2024-06-02T12:33:31.9399645-04:00" level=info msg="Closing HTTP server [::]:61932…" app_id=order-processor-http instance=DESKTOP-O1S0QB5 scope=dapr.runtime.http type=log ver=1.13.4
time="2024-06-02T12:33:31.9400739-04:00" level=info msg="stopping mDNS server for app id: order-processor-http" app_id=order-processor-http component="nr (mdns/v1)" instance=DESKTOP-O1S0QB5 scope=dapr.contrib type=log ver=1.13.4
time="2024-06-02T12:33:31.9438577-04:00" level=info msg="Dapr runtime stopped" app_id=order-processor-http instance=DESKTOP-O1S0QB5 scope=dapr.runtime type=log ver=1.13.4

termination signal received: shutting down
Exited Dapr successfully
Exited App successfully
