Starting Dapr with id order-processor. HTTP Port: 65010. gRPC Port: 65011
Updating metadata for cliPID: 11832
time="2024-05-31T15:41:52.6092997-04:00" level=info msg="Starting Dapr Runtime -- version 1.13.4 -- commit b18d9516f0eff06f8fdacd36e8bdf290909b05d9" app_id=order-processor instance=DESKTOP-O1S0QB5 scope=dapr.runtime type=log ver=1.13.4
time="2024-05-31T15:41:52.6092997-04:00" level=info msg="Log level set to: info" app_id=order-processor instance=DESKTOP-O1S0QB5 scope=dapr.runtime type=log ver=1.13.4
time="2024-05-31T15:41:52.6098397-04:00" level=warning msg="mTLS is disabled. Skipping certificate request and tls validation" app_id=order-processor instance=DESKTOP-O1S0QB5 scope=dapr.runtime.security type=log ver=1.13.4
time="2024-05-31T15:41:52.6123766-04:00" level=warning msg="The default value for 'spec.metric.http.increasedCardinality' will change to 'false' in Dapr 1.14" app_id=order-processor instance=DESKTOP-O1S0QB5 scope=dapr.runtime type=log ver=1.13.4
time="2024-05-31T15:41:52.6139468-04:00" level=info msg="standalone mode configured" app_id=order-processor instance=DESKTOP-O1S0QB5 scope=dapr.runtime type=log ver=1.13.4
time="2024-05-31T15:41:52.6139468-04:00" level=info msg="app id: order-processor" app_id=order-processor instance=DESKTOP-O1S0QB5 scope=dapr.runtime type=log ver=1.13.4
time="2024-05-31T15:41:52.6139468-04:00" level=info msg="metrics server started on :65012/" app_id=order-processor instance=DESKTOP-O1S0QB5 scope=dapr.runtime type=log ver=1.13.4
time="2024-05-31T15:41:52.6139468-04:00" level=info msg="Dapr trace sampler initialized: DaprTraceSampler(P=1.000000)" app_id=order-processor instance=DESKTOP-O1S0QB5 scope=dapr.runtime type=log ver=1.13.4
time="2024-05-31T15:41:52.7521133-04:00" level=info msg="local service entry announced: order-processor -> 192.168.2.44:65013" app_id=order-processor component="nr (mdns/v1)" instance=DESKTOP-O1S0QB5 scope=dapr.contrib type=log ver=1.13.4
time="2024-05-31T15:41:52.7521133-04:00" level=info msg="Initialized name resolution to mdns" app_id=order-processor instance=DESKTOP-O1S0QB5 scope=dapr.runtime type=log ver=1.13.4
time="2024-05-31T15:41:52.7521133-04:00" level=info msg="Loading components…" app_id=order-processor instance=DESKTOP-O1S0QB5 scope=dapr.runtime type=log ver=1.13.4
time="2024-05-31T15:41:52.8297755-04:00" level=info msg="Component loaded: pubsub (pubsub.redis/v1)" app_id=order-processor instance=DESKTOP-O1S0QB5 scope=dapr.runtime.processor type=log ver=1.13.4
time="2024-05-31T15:41:52.8297755-04:00" level=info msg="Waiting for all outstanding components to be processed…" app_id=order-processor instance=DESKTOP-O1S0QB5 scope=dapr.runtime type=log ver=1.13.4
time="2024-05-31T15:41:52.8540461-04:00" level=info msg="Using 'statestore' as actor state store" app_id=order-processor instance=DESKTOP-O1S0QB5 scope=dapr.runtime.processor.state type=log ver=1.13.4
time="2024-05-31T15:41:52.8540461-04:00" level=info msg="Component loaded: statestore (state.redis/v1)" app_id=order-processor instance=DESKTOP-O1S0QB5 scope=dapr.runtime.processor type=log ver=1.13.4
time="2024-05-31T15:41:52.8540461-04:00" level=info msg="All outstanding components processed" app_id=order-processor instance=DESKTOP-O1S0QB5 scope=dapr.runtime type=log ver=1.13.4
time="2024-05-31T15:41:52.8540461-04:00" level=info msg="Loading endpoints…" app_id=order-processor instance=DESKTOP-O1S0QB5 scope=dapr.runtime type=log ver=1.13.4
time="2024-05-31T15:41:52.8555282-04:00" level=info msg="Waiting for all outstanding http endpoints to be processed…" app_id=order-processor instance=DESKTOP-O1S0QB5 scope=dapr.runtime type=log ver=1.13.4
time="2024-05-31T15:41:52.8555282-04:00" level=info msg="All outstanding http endpoints processed" app_id=order-processor instance=DESKTOP-O1S0QB5 scope=dapr.runtime type=log ver=1.13.4
time="2024-05-31T15:41:52.8562008-04:00" level=info msg="gRPC server listening on TCP address: :65011" app_id=order-processor instance=DESKTOP-O1S0QB5 scope=dapr.runtime.grpc.api type=log ver=1.13.4
time="2024-05-31T15:41:52.8562008-04:00" level=info msg="Enabled gRPC tracing middleware" app_id=order-processor instance=DESKTOP-O1S0QB5 scope=dapr.runtime.grpc.api type=log ver=1.13.4
time="2024-05-31T15:41:52.8562008-04:00" level=info msg="Enabled gRPC metrics middleware" app_id=order-processor instance=DESKTOP-O1S0QB5 scope=dapr.runtime.grpc.api type=log ver=1.13.4
time="2024-05-31T15:41:52.8562008-04:00" level=info msg="Registering workflow engine for gRPC endpoint: [::]:65011" app_id=order-processor instance=DESKTOP-O1S0QB5 scope=dapr.runtime.grpc.api type=log ver=1.13.4
time="2024-05-31T15:41:52.8562008-04:00" level=info msg="API gRPC server is running on port 65011" app_id=order-processor instance=DESKTOP-O1S0QB5 scope=dapr.runtime type=log ver=1.13.4
time="2024-05-31T15:41:52.8562008-04:00" level=info msg="Enabled max body size HTTP middleware with size 4 MB" app_id=order-processor instance=DESKTOP-O1S0QB5 scope=dapr.runtime.http type=log ver=1.13.4
time="2024-05-31T15:41:52.8562008-04:00" level=info msg="Enabled tracing HTTP middleware" app_id=order-processor instance=DESKTOP-O1S0QB5 scope=dapr.runtime.http type=log ver=1.13.4
time="2024-05-31T15:41:52.8562008-04:00" level=info msg="Enabled metrics HTTP middleware" app_id=order-processor instance=DESKTOP-O1S0QB5 scope=dapr.runtime.http type=log ver=1.13.4
time="2024-05-31T15:41:52.8567048-04:00" level=info msg="HTTP server listening on TCP address: :65010" app_id=order-processor instance=DESKTOP-O1S0QB5 scope=dapr.runtime.http type=log ver=1.13.4
time="2024-05-31T15:41:52.8567048-04:00" level=info msg="HTTP server is running on port 65010" app_id=order-processor instance=DESKTOP-O1S0QB5 scope=dapr.runtime type=log ver=1.13.4
time="2024-05-31T15:41:52.8567048-04:00" level=info msg="The request body size parameter is: 4" app_id=order-processor instance=DESKTOP-O1S0QB5 scope=dapr.runtime type=log ver=1.13.4
time="2024-05-31T15:41:52.8567048-04:00" level=info msg="gRPC server listening on TCP address: :65013" app_id=order-processor instance=DESKTOP-O1S0QB5 scope=dapr.runtime.grpc.internal type=log ver=1.13.4
time="2024-05-31T15:41:52.8567048-04:00" level=info msg="Enabled gRPC tracing middleware" app_id=order-processor instance=DESKTOP-O1S0QB5 scope=dapr.runtime.grpc.internal type=log ver=1.13.4
time="2024-05-31T15:41:52.8567048-04:00" level=info msg="Enabled gRPC metrics middleware" app_id=order-processor instance=DESKTOP-O1S0QB5 scope=dapr.runtime.grpc.internal type=log ver=1.13.4
time="2024-05-31T15:41:52.8567048-04:00" level=info msg="Internal gRPC server is running on port 65013" app_id=order-processor instance=DESKTOP-O1S0QB5 scope=dapr.runtime type=log ver=1.13.4
time="2024-05-31T15:41:52.8577107-04:00" level=info msg="application protocol: http. waiting on port 7001.  This will block until the app is listening on that port." app_id=order-processor instance=DESKTOP-O1S0QB5 scope=dapr.runtime type=log ver=1.13.4
Updating metadata for app command: dotnet run
Updating metadata for appPID: 43476
You're up and running! Dapr logs will appear here.


termination signal received: shutting down
time="2024-05-31T15:42:17.0746427-04:00" level=info msg="Received signal 'interrupt'; beginning shutdown" app_id=order-processor instance=DESKTOP-O1S0QB5 scope=dapr.signals type=log ver=1.13.4
time="2024-05-31T15:42:17.0774575-04:00" level=info msg="Dapr is shutting down" app_id=order-processor instance=DESKTOP-O1S0QB5 scope=dapr.runtime type=log ver=1.13.4
time="2024-05-31T15:42:17.0781362-04:00" level=info msg="Shutting down component statestore (state.redis/v1)" app_id=order-processor instance=DESKTOP-O1S0QB5 scope=dapr.runtime type=log ver=1.13.4
time="2024-05-31T15:42:17.078713-04:00" level=info msg="Closing HTTP server [::]:65010…" app_id=order-processor instance=DESKTOP-O1S0QB5 scope=dapr.runtime.http type=log ver=1.13.4
time="2024-05-31T15:42:17.0781362-04:00" level=info msg="Shutting down workflow engine" app_id=order-processor instance=DESKTOP-O1S0QB5 scope=dapr.runtime type=log ver=1.13.4
time="2024-05-31T15:42:17.0799605-04:00" level=info msg="Shutting down component pubsub (pubsub.redis/v1)" app_id=order-processor instance=DESKTOP-O1S0QB5 scope=dapr.runtime type=log ver=1.13.4
time="2024-05-31T15:42:17.078713-04:00" level=info msg="stopping mDNS server for app id: order-processor" app_id=order-processor component="nr (mdns/v1)" instance=DESKTOP-O1S0QB5 scope=dapr.contrib type=log ver=1.13.4
time="2024-05-31T15:42:17.0804804-04:00" level=info msg="Dapr runtime stopped" app_id=order-processor instance=DESKTOP-O1S0QB5 scope=dapr.runtime type=log ver=1.13.4
Exited Dapr successfully
Exited App successfully
The daprd process exited with error code: exit status 1
